
Apr 13, 2018 14:42:10.38 NEW SESSION
Apr 13, 2018 14:42:10.38 [8692:8804:0413/144210.380:ERROR:process_metrics.cc(105)] NOT IMPLEMENTED
Apr 13, 2018 14:42:10.38 [8692:8804:0413/144210.380:ERROR:process_metrics.cc(105)] NOT IMPLEMENTED
Apr 13, 2018 14:42:10.38 [8692:8804:0413/144210.380:ERROR:process_metrics.cc(105)] NOT IMPLEMENTED
Apr 13, 2018 14:42:10.39 [8692:8804:0413/144210.380:ERROR:process_metrics.cc(105)] NOT IMPLEMENTED
Apr 13, 2018 14:42:10.39 [8692:8804:0413/144210.380:ERROR:process_metrics.cc(105)] NOT IMPLEMENTED
Apr 13, 2018 14:44:10.38 [8692:8804:0413/144410.381:ERROR:process_metrics.cc(105)] NOT IMPLEMENTED
Apr 13, 2018 14:44:10.38 [8692:8804:0413/144410.381:ERROR:process_metrics.cc(105)] NOT IMPLEMENTED
Apr 13, 2018 14:44:10.38 [8692:8804:0413/144410.381:ERROR:process_metrics.cc(105)] NOT IMPLEMENTED
Apr 13, 2018 14:44:10.38 [8692:8804:0413/144410.381:ERROR:process_metrics.cc(105)] NOT IMPLEMENTED
Apr 13, 2018 14:44:10.38 [8692:8804:0413/144410.381:ERROR:process_metrics.cc(105)] NOT IMPLEMENTED
Apr 13, 2018 14:46:10.38 [8692:8804:0413/144610.383:ERROR:process_metrics.cc(105)] NOT IMPLEMENTED
Apr 13, 2018 14:46:10.38 [8692:8804:0413/144610.383:ERROR:process_metrics.cc(105)] NOT IMPLEMENTED
Apr 13, 2018 14:46:10.38 [8692:8804:0413/144610.383:ERROR:process_metrics.cc(105)] NOT IMPLEMENTED
Apr 13, 2018 14:46:10.38 [8692:8804:0413/144610.383:ERROR:process_metrics.cc(105)] NOT IMPLEMENTED
Apr 13, 2018 14:46:10.39 [8692:8804:0413/144610.383:ERROR:process_metrics.cc(105)] NOT IMPLEMENTED

Apr 16, 2018 13:11:31.58 NEW SESSION
Apr 16, 2018 13:11:31.58 [5092:14056:0416/131131.580:ERROR:process_metrics.cc(105)] NOT IMPLEMENTED
Apr 16, 2018 13:11:31.63 [5092:14056:0416/131131.580:ERROR:process_metrics.cc(105)] NOT IMPLEMENTED
Apr 16, 2018 13:11:31.63 [5092:14056:0416/131131.580:ERROR:process_metrics.cc(105)] NOT IMPLEMENTED
Apr 16, 2018 13:11:31.63 [5092:14056:0416/131131.580:ERROR:process_metrics.cc(105)] NOT IMPLEMENTED
Apr 16, 2018 13:11:31.63 [5092:14056:0416/131131.580:ERROR:process_metrics.cc(105)] NOT IMPLEMENTED
Apr 16, 2018 13:13:47.37 [10936:14172:0416/131347.378:ERROR:cache_util_win.cc(20)] Unable to move the cache: 5
Apr 16, 2018 13:13:47.38 [10936:14172:0416/131347.378:ERROR:cache_util.cc(134)] Unable to move cache folder C:\Users\Guru\AppData\Local\Google\Chrome\User Data\ShaderCache\GPUCache to C:\Users\Guru\AppData\Local\Google\Chrome\User Data\ShaderCache\old_GPUCache_000
Apr 16, 2018 13:13:47.38 [10936:14172:0416/131347.378:ERROR:disk_cache.cc(169)] Unable to create cache
Apr 16, 2018 13:13:47.38 [10936:14172:0416/131347.378:ERROR:shader_disk_cache.cc(601)] Shader Cache Creation failed: -2
